16:23:26.977 [com.intuit.karate.cli.Main.main()] INFO  com.intuit.karate - Karate version: 1.1.0
16:23:27.752 [com.intuit.karate.cli.Main.main()] DEBUG com.intuit.karate.Suite - [config] classpath:karate-config.js
16:23:27.853 [com.intuit.karate.cli.Main.main()] INFO  c.intuit.karate.core.FeatureRuntime - found scenario at line: 12
16:23:31.169 [com.intuit.karate.cli.Main.main()] INFO  com.intuit.karate - karate.env system property was: null 
16:23:31.985 [com.intuit.karate.cli.Main.main()] DEBUG com.intuit.karate - request:
1 > POST https://reqres.in/api/users
1 > Content-Type: application/json; charset=UTF-8
1 > Content-Length: 34
1 > Host: reqres.in
1 > Connection: Keep-Alive
1 > User-Agent: Apache-HttpClient/4.5.13 (Java/1.8.0_302)
1 > Accept-Encoding: gzip,deflate
{"name":"morpheus","job":"leader"}

16:23:32.911 [com.intuit.karate.cli.Main.main()] DEBUG com.intuit.karate - response time in milliseconds: 921
1 < 201
1 < Date: Sat, 16 Oct 2021 22:23:32 GMT
1 < Content-Type: application/json; charset=utf-8
1 < Content-Length: 84
1 < Connection: keep-alive
1 < x-powered-by: Express
1 < access-control-allow-origin: *
1 < etag: W/"54-nPyY2nHLJmHcrx3Ee5R5dVZzEac"
1 < via: 1.1 vegur
1 < CF-Cache-Status: DYNAMIC
1 < Expect-CT: max-age=604800, report-uri="https://report-uri.cloudflare.com/cdn-cgi/beacon/expect-ct"
1 < Report-To: {"endpoints":[{"url":"https:\/\/a.nel.cloudflare.com\/report\/v3?s=qvnixUNVEDGjJ1TlsqyIPTmTrx3%2FbJhl1m7okQpXWlojGUacHBUzN1xLvvDGpnATOUbHOYFezGm2GKh6D3PZut2bq97vpTSNOJxpJQJPOFVF1M83IPX7MykK%2FJ8%3D"}],"group":"cf-nel","max_age":604800}
1 < NEL: {"success_fraction":0,"report_to":"cf-nel","max_age":604800}
1 < Server: cloudflare
1 < CF-RAY: 69f4b1342edf6786-DFW
1 < alt-svc: h3=":443"; ma=86400, h3-29=":443"; ma=86400, h3-28=":443"; ma=86400, h3-27=":443"; ma=86400
{"name":"morpheus","job":"leader","id":"919","createdAt":"2021-10-16T22:23:32.710Z"}
16:23:34.817 [com.intuit.karate.cli.Main.main()] INFO  com.intuit.karate.Suite - <<pass>> feature 1 of 1 (0 remaining) src/test/java/examples/users/userslist.feature
